[melp.org/index.html]
[backblue.gif]
[fade.gif]
[index.html]
[melp.org/feed/index.html]
[melp.org/comments/feed/index.html]
[melp.org/wp-content/uploads/2018/11/HeaderBG63.jpg]
[melp.org/wp-includes/js/jquery/jquery.minf43b.js]
[melp.org/wp-includes/js/jquery/jquery-migrate.min5589.js]
[melp.org/wp-json/wp/v2/pages/591.json]
[melp.org/wp-json/index.html]
[melp.org/xmlrpc0db0.php]
[melp.org/wp-json/oembed/1.0/embed1da2.json]
[melp.org/wp-json/oembed/1.0/embedf835]
[melp.org/wp-content/uploads/2019/03/cropped-Compandent-logo3shadetransparent-32x32.png]
[melp.org/wp-content/uploads/2019/03/cropped-Compandent-logo3shadetransparent-192x192.png]
[melp.org/wp-content/uploads/2019/03/cropped-Compandent-logo3shadetransparent-180x180.png]
[melp.org/wp-content/uploads/2019/02/MIL-STD-3005-MELP.pdf]
[melp.org/melp_faq/index.html]
[melp.org/melp/index.html]
[melp.org/melpesw/index.html]
[melp.org/melpe-scip/index.html]
[melp.org/mobileapp/index.html]
[melp.org/wp-content/uploads/2021/01/STANAG4591-2006.11.delayed]
[melp.org/melpehw/index.html]
[melp.org/pc-usb-sample/index.html]
[melp.org/melpe-tsvcis/index.html]
[melp.org/melcoder/index.html]
[melp.org/defensecontract/index.html]
[melp.org/wp-content/uploads/2019/03/MELPeVsVocodersNATOP2.png]
[melp.org/customers-partners/index.html]
[melp.org/blog/index.html]
[melp.org/contact/index.html]
[melp.org/wp-content/uploads/2018/11/MELPDecDiagramMILSTD3005-2.png]
[melp.org/wp-content/uploads/2018/11/STANAG4591_MELPe-1.png]
[melp.org/wp-content/uploads/2019/03/line.png]
[melp.org/wp-content/uploads/bb-plugin/cache/591-layout44b4.js]
[melp.org/wp-content/themes/primer/assets/js/navigation.minf5a9.js]
[melp.org/index.html]
[melp.org/xmlrpc.php]
[melp.org/wp-includes/css/dist/block-library/style.min32d4.css]
[melp.org/wp-content/plugins/contact-widgets/assets/fonts/fontawesome-webfont3e6e.eot]
[melp.org/wp-content/plugins/contact-widgets/assets/fonts/fontawesome-webfontd41d.eot]
[melp.org/wp-content/plugins/contact-widgets/assets/fonts/fontawesome-webfont3e6e.woff2]
[melp.org/wp-content/plugins/contact-widgets/assets/fonts/fontawesome-webfont3e6e.woff]
[melp.org/wp-content/plugins/contact-widgets/assets/fonts/fontawesome-webfont3e6e.ttf]
[melp.org/wp-content/plugins/contact-widgets/assets/css/font-awesome.min1849.css]
[melp.org/wp-content/uploads/bb-plugin/cache/591-layout2e25.css]
[melp.org/wp-content/themes/escapade/stylec358.css]
[melp.org/wp-content/plugins/contact-widgets/assets/css/style.minf269.css]
[melp.org/wp-json/wp/v2/pages/235.json]
[melp.org/wp-json/oembed/1.0/embed53d6.json]
[melp.org/wp-json/oembed/1.0/embed145d]
[melp.org/pdf/MELPePackageFactSheetPOSIX.pdf]
[melp.org/wp-content/uploads/2019/03/BULLET.gif]
[melp.org/wp-content/uploads/2019/03/pdf_ico.png]
[melp.org/wp-content/uploads/bb-plugin/cache/235-layout03ab.js]
[melp.org/melp_faq/index.html]
[melp.org/wp-json/wp/v2/pages/156.json]
[melp.org/wp-json/oembed/1.0/embed8f4f.json]
[melp.org/wp-json/oembed/1.0/embed63e6]
[melp.org/wp-content/uploads/2019/03/programming.png]
[melp.org/pdf/MELPePackageFactSheet.pdf]
[melp.org/wp-content/uploads/2019/03/DTE_MDM3001-300x199.png]
[melp.org/wp-content/uploads/2019/03/PC_FLEXI_com-300x123.png]
[melp.org/pdf/MELPePackageFactSheet6416.pdf]
[melp.org/pdf/MELPe.pdf]
[melp.org/wp-content/uploads/2018/10/home-4.jpg]
[melp.org/wp-content/uploads/bb-plugin/cache/156-layout6404.js]
[melp.org/melp/index.html]
[melp.org/wp-json/wp/v2/pages/2.json]
[melp.org/wp-json/oembed/1.0/embed76a9.json]
[melp.org/wp-json/oembed/1.0/embed116c]
[melp.org/wp-content/uploads/2019/03/chip.png]
[melp.org/img/bullet.gif]
[melp.org/wp-content/uploads/2018/11/platforms1.png]
[melp.org/wp-content/uploads/2018/11/platforms2.png]
[melp.org/wp-content/uploads/2018/11/Platforms3.png]
[melp.org/wp-content/plugins/beaver-builder-lite-version/js/jquery.fitvids.min62ea.js]
[melp.org/wp-content/uploads/bb-plugin/cache/2-layout7b7f.js]
[melp.org/melpesw/index.html]
[melp.org/wp-json/wp/v2/pages/162.json]
[melp.org/wp-json/oembed/1.0/embed6770.json]
[melp.org/wp-json/oembed/1.0/embedb838]
[melp.org/wp-content/uploads/2019/03/Compandent-MELPeApp_1-498x1024.jpg]
[melp.org/wp-content/uploads/2019/03/Compandent-MELPeApp_2-498x1024.jpg]
[melp.org/wp-content/uploads/2019/03/Compandent-MELPeApp_3-498x1024.jpg]
[melp.org/wp-content/uploads/2019/03/Compandent-MELPeApp_4-498x1024.jpg]
[melp.org/wp-content/uploads/2019/03/Compandent-MELPeApp_5-498x1024.jpg]
[melp.org/wp-content/uploads/2019/03/AndroidAppLayers-1024x779.png]
[melp.org/img/pdf_ico.gif]
[melp.org/wp-content/uploads/bb-plugin/cache/162-layout9d00.js]
[melp.org/mobileapp/index.html]
[melp.org/wp-json/wp/v2/pages/797.json]
[melp.org/wp-json/oembed/1.0/embed03f3.json]
[melp.org/wp-json/oembed/1.0/embed6320]
[melp.org/wp-content/uploads/2018/12/Internet-system-STANAG4591-4197-4198.png]
[melp.org/wp-content/uploads/2018/12/modem-system-STANAG4591-4197-4198.png]
[melp.org/wp-content/uploads/bb-plugin/cache/797-layout00fd.js]
[melp.org/melpe-scip/index.html]
[melp.org/wp-json/wp/v2/pages/793.json]
[melp.org/wp-json/oembed/1.0/embed7f0a.json]
[melp.org/wp-json/oembed/1.0/embed47a7]
[melp.org/wp-content/uploads/2018/12/tsvcis-vdr-encoder.png]
[melp.org/wp-content/uploads/2018/12/tsvcis-vdr-decoder.png]
[melp.org/wp-content/uploads/2018/12/tsvcis-encoder.png]
[melp.org/wp-content/uploads/2018/12/tsvcis-decoder.png]
[melp.org/wp-content/uploads/2018/12/tsvcis-channel.png]
[melp.org/wp-content/uploads/2018/12/tsvcis-layers.png]
[melp.org/wp-content/uploads/bb-plugin/cache/793-layout7fec.js]
[melp.org/melpe-tsvcis/index.html]
[melp.org/wp-json/wp/v2/pages/158.json]
[melp.org/wp-json/oembed/1.0/embedc9d0.json]
[melp.org/wp-json/oembed/1.0/embeda806]
[melp.org/wp-content/uploads/2019/03/FLEXI232-300x198.png]
[melp.org/wp-content/uploads/2019/03/FLEXI-PC104_25.png]
[melp.org/wp-content/uploads/2019/03/FLEXI232enclosures-300x199.png]
[melp.org/wp-content/uploads/2021/03/services-1.jpg]
[melp.org/wp-content/uploads/2021/03/services-2.jpg]
[melp.org/wp-content/uploads/2019/03/FLEXI232.png]
[melp.org/wp-content/uploads/2019/03/RoHS_logo.png]
[melp.org/wp-content/uploads/2019/03/flexi232_modem.png]
[melp.org/wp-content/uploads/2019/03/VoIPConfiguration.png]
[melp.org/wp-content/uploads/2019/03/DTE_MDM3001.png]
[melp.org/wp-content/uploads/2019/03/FLEXI-232enclosurePTT.png]
[melp.org/wp-content/uploads/2019/03/FLEXI232enclosures.png]
[melp.org/wp-content/uploads/2019/04/FLEXI_Plexi_dou_25.png]
[melp.org/wp-content/uploads/bb-plugin/cache/158-layout03ab.js]
[melp.org/melpehw/index.html]
[melp.org/wp-json/wp/v2/pages/441.json]
[melp.org/wp-json/oembed/1.0/embed8ec9.json]
[melp.org/wp-json/oembed/1.0/embed4e3f]
[melp.org/wp-content/uploads/2019/03/PC_FLEXI_com.png]
[melp.org/wp-content/uploads/2019/03/CompandentMELPeUSBsampleProgram.png]
[melp.org/wp-content/uploads/bb-plugin/cache/441-layoutd2b0.js]
[melp.org/pc-usb-sample/index.html]
[melp.org/wp-json/wp/v2/pages/396.json]
[melp.org/wp-json/oembed/1.0/embedff7d.json]
[melp.org/wp-json/oembed/1.0/embedbb2a]
[melp.org/wp-content/uploads/2019/03/melcoder_front.png]
[melp.org/wp-content/uploads/2019/03/melcoder_rear.png]
[melp.org/wp-content/uploads/bb-plugin/cache/396-layout03ab.js]
[melp.org/melcoder/index.html]
[melp.org/wp-json/wp/v2/pages/160.json]
[melp.org/wp-json/oembed/1.0/embed3a89.json]
[melp.org/wp-json/oembed/1.0/embed97cf]
[melp.org/wp-content/uploads/2019/03/melcoder_front-1024x768.png]
[melp.org/wp-content/uploads/2019/03/blackhawk_s.png]
[melp.org/wp-content/uploads/2018/10/MELPeVsVocodersNATOP2-1024x712.jpg]
[melp.org/wp-content/plugins/beaver-builder-lite-version/js/jquery.easing.minad05.js]
[melp.org/wp-content/plugins/beaver-builder-lite-version/js/jquery.bxslider.min9136.js]
[melp.org/wp-content/uploads/bb-plugin/cache/160-layoutaa08.js]
[melp.org/defensecontract/index.html]
[melp.org/wp-json/wp/v2/pages/408.json]
[melp.org/wp-json/oembed/1.0/embedfd22.json]
[melp.org/wp-json/oembed/1.0/embedb5c0]
[melp.org/img/stars5.gif]
[melp.org/img/yes.gif]
[melp.org/img/no.gif]
[melp.org/img/stars4.gif]
[melp.org/wp-content/uploads/2018/11/partners2.png]
[melp.org/wp-content/uploads/2018/11/partners3.png]
[melp.org/wp-content/uploads/2018/11/partners4.png]
[melp.org/wp-content/uploads/2018/11/partners14.png]
[melp.org/wp-content/uploads/2018/11/partners5.png]
[melp.org/wp-content/uploads/2018/11/partners8.png]
[melp.org/wp-content/uploads/2018/11/partners6.png]
[melp.org/wp-content/uploads/2018/11/partners1.png]
[melp.org/wp-content/uploads/2018/11/partners7.png]
[melp.org/wp-content/uploads/2018/11/partners9.png]
[melp.org/wp-content/uploads/2018/11/partners10.png]
[melp.org/wp-content/uploads/2018/11/partners11.png]
[melp.org/wp-content/uploads/2018/11/partners12-1.png]
[melp.org/wp-content/uploads/2022/03/partners15.png]
[melp.org/wp-content/uploads/bb-plugin/cache/408-layout9b79.js]
[melp.org/customers-partners/index.html]
[melp.org/wp-json/wp/v2/pages/19.json]
[melp.org/wp-json/oembed/1.0/embed1fc8.json]
[melp.org/wp-json/oembed/1.0/embedf2b5]
[melp.org/wp-content/uploads/bb-plugin/cache/19-layout03ab.js]
[melp.org/wp-includes/js/underscore.min3ab8.js]
[melp.org/wp-includes/js/backbone.minaff7.js]
[melp.org/wp-content/plugins/ninja-forms/assets/js/min/front-end-deps7f22.js]
[www.google.com/recaptcha/apie5ec.js]
[melp.org/wp-content/plugins/ninja-forms/assets/js/min/front-end7f22.js]
[melp.org/contact/index.html]
[melp.org/1122-2-copy-copy/index.html]
[melp.org/1122-2-copy/index.html]
[melp.org/1122-2/index.html]
[melp.org/compandent-new-melpe-implementation-on-stmicroelectronics-stm32h743-was-released/index.html]
[melp.org/melpe-on-android/index.html]
[melp.org/compandent-melpe-android-application-hand-optimized-native-code/index.html]
[melp.org/melpe-stanag-4591-for-mobile-devices-application-optimized-for-arm/index.html]
[melp.org/wp-content/uploads/bb-plugin/cache/1137-layout03ab.js]
[melp.org/wp-includes/js/wp-embed.min32d4.js]
[melp.org/blog/index.html]
[melp.org/wp-content/plugins/contact-widgets/assets/fonts/fontawesome-webfont3e6e.svg]
[melp.org/wp-content/themes/escapade/assets/genericons/font/genericons-regular-webfont.html]
[melp.org/wp-content/themes/escapade/assets/genericons/font/genericons-regular-webfont-2.html]
[melp.org/wp-content/themes/escapade/assets/genericons/font/genericons-regular-webfont-3.html]
[melp.org/wp-content/themes/escapade/Genericons.html]
[melp.org/wp-content/uploads/bb-plugin/cache/235-layoutcb5d.css]
[melp.org/index5f0f.html]
[melp.org/wp-content/uploads/bb-plugin/cache/156-layout0f92.css]
[melp.org/indexd1a7.html]
[melp.org/melp/mobileapp/index.html]
[melp.org/about-melpe/index.html]
[melp.org/wp-content/uploads/bb-plugin/cache/2-layoutc7a5.css]
[melp.org/index905b.html]
[melp.org/wp-content/uploads/bb-plugin/cache/162-layoutf8aa.css]
[melp.org/indexbbc7.html]
[melp.org/wp-content/uploads/bb-plugin/cache/797-layout1266.css]
[melp.org/index1ca9.html]
[melp.org/wp-content/uploads/bb-plugin/cache/793-layoutf3b6.css]
[melp.org/index01f7.html]
[melp.org/wp-content/uploads/bb-plugin/cache/158-layoutffe2.css]
[melp.org/index8af0.html]
[melp.org/wp-content/uploads/bb-plugin/cache/441-layout3554.css]
[melp.org/indexdf01.html]
[melp.org/melpe_faq/index.html]
[melp.org/wp-content/uploads/bb-plugin/cache/396-layout1af0.css]
[melp.org/index2e25.html]
[melp.org/wp-content/plugins/beaver-builder-lite-version/img/bxslider/bx_loader.gif]
[melp.org/wp-content/plugins/beaver-builder-lite-version/img/bxslider/controls.png]
[melp.org/wp-content/plugins/beaver-builder-lite-version/css/jquery.bxslider9136.css]
[melp.org/wp-content/uploads/bb-plugin/cache/160-layout40f2.css]
[melp.org/index9c2b.html]
[melp.org/customer-review/index.html]
[melp.org/wp-content/uploads/bb-plugin/cache/408-layout0379.css]
[melp.org/index43fc.html]
[melp.org/wp-content/uploads/bb-plugin/cache/19-layout71c8.css]
[melp.org/index5831.html]
[melp.org/wp-includes/fonts/dashicons7d4b.eot]
[melp.org/wp-includes/fonts/dashicons7d4b.ttf]
[melp.org/wp-includes/css/dashicons.min32d4.css]
[melp.org/wp-content/plugins/ninja-forms/assets/img/help-info.png]
[melp.org/wp-content/plugins/ninja-forms/assets/css/display-structure32d4.css]
[melp.org/wp-json/wp/v2/posts/1137.json]
[melp.org/wp-json/oembed/1.0/embed12d5.json]
[melp.org/wp-json/oembed/1.0/embed57fa]
[melp.org/1122-2-copy-copy/index.html]
[melp.org/author/admin/index.html]
[melp.org/wp-json/wp/v2/posts/1131.json]
[melp.org/wp-json/oembed/1.0/embed4ea7.json]
[melp.org/wp-json/oembed/1.0/embed3384]
[melp.org/wp-content/uploads/bb-plugin/cache/1131-layout03ab.js]
[melp.org/1122-2-copy/index.html]
[melp.org/wp-json/wp/v2/posts/1122.json]
[melp.org/wp-json/oembed/1.0/embed8e4a.json]
[melp.org/wp-json/oembed/1.0/embedb991]
[melp.org/wp-content/uploads/bb-plugin/cache/1122-layout03ab.js]
[melp.org/1122-2/index.html]
[melp.org/wp-json/wp/v2/posts/1090.json]
[melp.org/wp-json/oembed/1.0/embed4db3.json]
[melp.org/wp-json/oembed/1.0/embed7a70]
[melp.org/wp-content/uploads/bb-plugin/cache/1090-layout03ab.js]
[melp.org/compandent-new-melpe-implementation-on-stmicroelectronics-stm32h743-was-released/index.html]
[melp.org/wp-json/wp/v2/posts/957.json]
[melp.org/wp-json/oembed/1.0/embedf786.json]
[melp.org/wp-json/oembed/1.0/embed14fa]
[melp.org/melpe-on-android/index.html]
[melp.org/wp-json/wp/v2/posts/863.json]
[melp.org/wp-json/oembed/1.0/embed8f40.json]
[melp.org/wp-json/oembed/1.0/embedf19f]
[melp.org/compandent-melpe-android-application-hand-optimized-native-code/index.html]
[melp.org/wp-json/wp/v2/posts/506.json]
[melp.org/wp-json/oembed/1.0/embed92b7.json]
[melp.org/wp-json/oembed/1.0/embed71cc]
[melp.org/melpe-stanag-4591-for-mobile-devices-application-optimized-for-arm/index.html]
[melp.org/wp-content/uploads/bb-plugin/cache/1137-layoutef58.css]
[melp.org/wp-content/uploads/bb-plugin/cache/1131-layout-partial2505.css]
[melp.org/wp-content/uploads/bb-plugin/cache/1122-layout-partialceaa.css]
[melp.org/wp-content/uploads/bb-plugin/cache/1090-layout-partialdece.css]
[melp.org/index2169.html]
[melp.org/wp-content/uploads/bb-plugin/cache/1131-layout0996.css]
[melp.org/index3d91.html]
[melp.org/wp-content/uploads/bb-plugin/cache/1122-layout9812.css]
[melp.org/indexc9bc.html]
[melp.org/wp-content/uploads/bb-plugin/cache/1090-layoutf40d.css]
[melp.org/indexb357.html]
[melp.org/index9a38.html]
[melp.org/2023/02/index.html]
[melp.org/2023/01/index.html]
[melp.org/2022/03/index.html]
[melp.org/2019/03/index.html]
[melp.org/2018/11/index.html]
[melp.org/index5d95.html]
[melp.org/index8ce5.html]
[melp.org/mobileapp/embed/index.html]
